c:\paweł\studia\3 semestr\programowanie w c++ (e)\projekt\consoleapplication1\consoleapplication1\x64\debug\vc142.pdb
c:\paweł\studia\3 semestr\programowanie w c++ (e)\projekt\consoleapplication1\consoleapplication1\x64\debug\vc142.idb
c:\paweł\studia\3 semestr\programowanie w c++ (e)\projekt\consoleapplication1\consoleapplication1\x64\debug\consoleapplication1.obj
c:\paweł\studia\3 semestr\programowanie w c++ (e)\projekt\projekt cpp na klasach\consoleapplication1\x64\debug\vc142.pdb
c:\paweł\studia\3 semestr\programowanie w c++ (e)\projekt\projekt cpp na klasach\consoleapplication1\x64\debug\vc142.idb
c:\paweł\studia\3 semestr\programowanie w c++ (e)\projekt\projekt cpp na klasach\consoleapplication1\x64\debug\wynik.obj
c:\paweł\studia\3 semestr\programowanie w c++ (e)\projekt\projekt cpp na klasach\consoleapplication1\x64\debug\tablica_wynikow.obj
c:\paweł\studia\3 semestr\programowanie w c++ (e)\projekt\projekt cpp na klasach\consoleapplication1\x64\debug\consoleapplication1.obj
c:\paweł\studia\3 semestr\programowanie w c++ (e)\projekt\projekt cpp na klasach\consoleapplication1\x64\debug\file.obj
c:\paweł\studia\3 semestr\programowanie w c++ (e)\projekt\projekt cpp na klasach\consoleapplication1\x64\debug\wybor_postaci.obj
c:\paweł\studia\3 semestr\programowanie w c++ (e)\projekt\projekt cpp na klasach\consoleapplication1\x64\debug\game.obj
c:\paweł\studia\3 semestr\programowanie w c++ (e)\projekt\projekt cpp na klasach\consoleapplication1\x64\debug\end_game.obj
c:\paweł\studia\3 semestr\programowanie w c++ (e)\projekt\projekt cpp na klasach\x64\debug\consoleapplication1.lib
c:\paweł\studia\3 semestr\programowanie w c++ (e)\projekt\projekt cpp na klasach\x64\debug\consoleapplication1.exp
c:\paweł\studia\3 semestr\programowanie w c++ (e)\projekt\consoleapplication1\x64\debug\consoleapplication1.exe
c:\paweł\studia\3 semestr\programowanie w c++ (e)\projekt\consoleapplication1\consoleapplication1\x64\debug\consoleapplication1.ilk
c:\paweł\studia\3 semestr\programowanie w c++ (e)\projekt\consoleapplication1\x64\debug\consoleapplication1.pdb
c:\paweł\studia\3 semestr\programowanie w c++ (e)\projekt\projekt cpp na klasach\x64\debug\consoleapplication1.exe
c:\paweł\studia\3 semestr\programowanie w c++ (e)\projekt\projekt cpp na klasach\consoleapplication1\x64\debug\consoleapplication1.ilk
c:\paweł\studia\3 semestr\programowanie w c++ (e)\projekt\projekt cpp na klasach\x64\debug\consoleapplication1.pdb
c:\paweł\studia\3 semestr\programowanie w c++ (e)\projekt\projekt cpp na klasach\consoleapplication1\x64\debug\wybor.obj
c:\paweł\studia\3 semestr\programowanie w c++ (e)\projekt\projekt cpp na klasach\consoleapplication1\x64\debug\consolea.deea3bc3.tlog\cl.command.1.tlog
c:\paweł\studia\3 semestr\programowanie w c++ (e)\projekt\projekt cpp na klasach\consoleapplication1\x64\debug\consolea.deea3bc3.tlog\cl.read.1.tlog
c:\paweł\studia\3 semestr\programowanie w c++ (e)\projekt\projekt cpp na klasach\consoleapplication1\x64\debug\consolea.deea3bc3.tlog\cl.write.1.tlog
c:\paweł\studia\3 semestr\programowanie w c++ (e)\projekt\projekt cpp na klasach\consoleapplication1\x64\debug\consolea.deea3bc3.tlog\consoleapplication1.write.1u.tlog
c:\paweł\studia\3 semestr\programowanie w c++ (e)\projekt\projekt cpp na klasach\consoleapplication1\x64\debug\consolea.deea3bc3.tlog\link.command.1.tlog
c:\paweł\studia\3 semestr\programowanie w c++ (e)\projekt\projekt cpp na klasach\consoleapplication1\x64\debug\consolea.deea3bc3.tlog\link.read.1.tlog
c:\paweł\studia\3 semestr\programowanie w c++ (e)\projekt\projekt cpp na klasach\consoleapplication1\x64\debug\consolea.deea3bc3.tlog\link.write.1.tlog
